#-----------------------------------------------------------
# Webtalk v2018.3 (64-bit)
# SW Build 2405991 on Thu Dec  6 23:38:27 MST 2018
# 
# Start of session at: Wed Nov 17 20:16:54 2021
# Process ID: 10764
# Current directory: C:/Users/SHR77/ECE1195/Lab_4/Lab_4.sdk/webtalk
# Command line: wbtcv.exe -mode batch -source sdk_webtalk.tcl
# Log file: C:/Users/SHR77/ECE1195/Lab_4/Lab_4.sdk/webtalk/webtalk.log
# Journal file: C:/Users/SHR77/ECE1195/Lab_4/Lab_4.sdk/webtalk\webtalk.jou
#-----------------------------------------------------------
source sdk_webtalk.tcl
# webtalk_init -webtalk_dir C:\\Users\\SHR77\\ECE1195\\Lab_4\\Lab_4.sdk\\webtalk
# webtalk_register_client -client project
# webtalk_add_data -client project -key date_generated -value "2021-11-17 20:16:53" -context "software_version_and_target_device"
# webtalk_add_data -client project -key product_version -value "SDK v2018.3" -context "software_version_and_target_device"
# webtalk_add_data -client project -key build_version -value "2018.3" -context "software_version_and_target_device"
# webtalk_add_data -client project -key os_platform -value "amd64" -context "software_version_and_target_device"
# webtalk_add_data -client project -key registration_id -value "" -context "software_version_and_target_device"
# webtalk_add_data -client project -key tool_flow -value "SDK" -context "software_version_and_target_device"
# webtalk_add_data -client project -key beta -value "false" -context "software_version_and_target_device"
# webtalk_add_data -client project -key route_design -value "NA" -context "software_version_and_target_device"
# webtalk_add_data -client project -key target_family -value "NA" -context "software_version_and_target_device"
# webtalk_add_data -client project -key target_device -value "NA" -context "software_version_and_target_device"
# webtalk_add_data -client project -key target_package -value "NA" -context "software_version_and_target_device"
# webtalk_add_data -client project -key target_speed -value "NA" -context "software_version_and_target_device"
# webtalk_add_data -client project -key random_id -value "rf5hf4ibsf6aottj2skic89kka" -context "software_version_and_target_device"
# webtalk_add_data -client project -key project_id -value "2018.3_5" -context "software_version_and_target_device"
# webtalk_add_data -client project -key project_iteration -value "5" -context "software_version_and_target_device"
# webtalk_add_data -client project -key os_name -value "Microsoft Windows 8 or later , 64-bit" -context "user_environment"
# webtalk_add_data -client project -key os_release -value "major release  (build 9200)" -context "user_environment"
# webtalk_add_data -client project -key cpu_name -value "Intel(R) Core(TM) i9-8950HK CPU @ 2.90GHz" -context "user_environment"
# webtalk_add_data -client project -key cpu_speed -value "2904 MHz" -context "user_environment"
# webtalk_add_data -client project -key total_processors -value "1" -context "user_environment"
# webtalk_add_data -client project -key system_ram -value "34.249 GB" -context "user_environment"
# webtalk_register_client -client sdk
# webtalk_add_data -client sdk -key uid -value "1637196658893" -context "sdk\\\\bsp/1637196658893"
# webtalk_add_data -client sdk -key hwid -value "1637125844916" -context "sdk\\\\bsp/1637196658893"
# webtalk_add_data -client sdk -key os -value "standalone" -context "sdk\\\\bsp/1637196658893"
# webtalk_add_data -client sdk -key apptemplate -value "empty_application" -context "sdk\\\\bsp/1637196658893"
# webtalk_add_data -client sdk -key RecordType -value "BSPCreation" -context "sdk\\\\bsp/1637196658893"
# webtalk_add_data -client sdk -key uid -value "1637196661833" -context "sdk\\\\application/1637196661833"
# webtalk_add_data -client sdk -key hwid -value "1637125844916" -context "sdk\\\\application/1637196661833"
# webtalk_add_data -client sdk -key bspid -value "1637196658893" -context "sdk\\\\application/1637196661833"
# webtalk_add_data -client sdk -key newbsp -value "true" -context "sdk\\\\application/1637196661833"
# webtalk_add_data -client sdk -key os -value "standalone" -context "sdk\\\\application/1637196661833"
# webtalk_add_data -client sdk -key apptemplate -value "empty_application" -context "sdk\\\\application/1637196661833"
# webtalk_add_data -client sdk -key RecordType -value "APPCreation" -context "sdk\\\\application/1637196661833"
# webtalk_add_data -client sdk -key LangUsed -value "C" -context "sdk\\\\application/1637196661833"
# webtalk_add_data -client sdk -key Procused -value "ps7_cortexa9" -context "sdk\\\\application/1637196661833"
# webtalk_add_data -client sdk -key uid -value "NA" -context "sdk\\\\bsp/1637198213099"
# webtalk_add_data -client sdk -key RecordType -value "ToolUsage" -context "sdk\\\\bsp/1637198213099"
# webtalk_add_data -client sdk -key BootgenCount -value "0" -context "sdk\\\\bsp/1637198213099"
# webtalk_add_data -client sdk -key DebugCount -value "14" -context "sdk\\\\bsp/1637198213099"
# webtalk_add_data -client sdk -key PerfCount -value "0" -context "sdk\\\\bsp/1637198213099"
# webtalk_add_data -client sdk -key FlashCount -value "0" -context "sdk\\\\bsp/1637198213099"
# webtalk_add_data -client sdk -key CrossTriggCount -value "0" -context "sdk\\\\bsp/1637198213099"
# webtalk_add_data -client sdk -key QemuDebugCount -value "0" -context "sdk\\\\bsp/1637198213099"
# webtalk_transmit -clientid 2673846792 -regid "" -xml C:\\Users\\SHR77\\ECE1195\\Lab_4\\Lab_4.sdk\\webtalk\\usage_statistics_ext_sdk.xml -html C:\\Users\\SHR77\\ECE1195\\Lab_4\\Lab_4.sdk\\webtalk\\usage_statistics_ext_sdk.html -wdm C:\\Users\\SHR77\\ECE1195\\Lab_4\\Lab_4.sdk\\webtalk\\sdk_webtalk.wdm -intro "<H3>SDK Usage Report</H3><BR>"
# webtalk_terminate
INFO: [Common 17-206] Exiting Webtalk at Wed Nov 17 20:16:57 2021...
